2010-09-13 11:25:37 -  - exec CUpdateClient::GetUpdatesList
2010-09-13 11:25:37 -  - exec CUpdateClient::CollectRequestData
2010-09-13 11:25:40 -  - LICENSE_KEY=X&lang=ru&SUPD_VER=9.1.0&VERSION=9.1.0&TYPENC=D&SUPD_STS=1&SUPD_URS=0&SUPD_URSA=2&SUPD_DBS=MYSQL&XE=N&CLIENT_SITE=snowqueen.ru&CANGZIP=Y&CLIENT_PHPVER=5.2.13&stable=Y&bitm_main=9.1.0&bitm_forum=9.0.3&bitm_vote=9.0.0&bitm_sitecorporate=9.0.1&bitm_photogallery=9.0.3&bitm_search=9.0.4&bitm_fileman=9.0.3&bitm_iblock=9.0.5&bitm_compression=9.0.0&bitm_subscribe=9.0.2&bitm_perfmon=9.0.1&bitm_blog=9.0.4&bitm_security=9.0.3&bitm_form=9.0.0&bitm_seo=9.0.0&bitm_sitepersonal=9.0.0&bitl_ru=&bitl_en=20070905&bith_ru=&bith_en=
2010-09-13 11:25:40 -  - exec CUpdateClient::GetHTTPPage
2010-09-13 11:25:41 -  - TIME GetUpdatesList(request) 1.056 sec
2010-09-13 11:25:41 -  - exec CUpdateClient::ParseServerData
2010-09-13 11:32:22 -  - exec CUpdateClient::GetUpdatesList
2010-09-13 11:32:22 -  - exec CUpdateClient::CollectRequestData
2010-09-13 11:32:23 -  - LICENSE_KEY=X&lang=ru&SUPD_VER=9.1.0&VERSION=9.1.0&TYPENC=D&SUPD_STS=1&SUPD_URS=0&SUPD_URSA=2&SUPD_DBS=MYSQL&XE=N&CLIENT_SITE=snowqueen.ru&CANGZIP=Y&CLIENT_PHPVER=5.2.13&stable=Y&bitm_main=9.1.0&bitm_forum=9.0.3&bitm_vote=9.0.0&bitm_sitecorporate=9.0.1&bitm_photogallery=9.0.3&bitm_search=9.0.4&bitm_fileman=9.0.3&bitm_iblock=9.0.5&bitm_compression=9.0.0&bitm_subscribe=9.0.2&bitm_perfmon=9.0.1&bitm_blog=9.0.4&bitm_security=9.0.3&bitm_form=9.0.0&bitm_seo=9.0.0&bitm_sitepersonal=9.0.0&bitl_ru=&bitl_en=20070905&bith_ru=&bith_en=
2010-09-13 11:32:23 -  - exec CUpdateClient::GetHTTPPage
2010-09-13 11:32:23 -  - TIME GetUpdatesList(request) 0.549 sec
2010-09-13 11:32:23 -  - exec CUpdateClient::ParseServerData
2010-09-13 11:32:54 -  - exec CUpdateClient::GetUpdatesList
2010-09-13 11:32:54 -  - exec CUpdateClient::CollectRequestData
2010-09-13 11:32:55 -  - LICENSE_KEY=X&lang=ru&SUPD_VER=9.1.0&VERSION=9.1.0&TYPENC=D&SUPD_STS=1&SUPD_URS=0&SUPD_URSA=2&SUPD_DBS=MYSQL&XE=N&CLIENT_SITE=snowqueen.ru&CANGZIP=Y&CLIENT_PHPVER=5.2.13&stable=Y&bitm_main=9.1.0&bitm_forum=9.0.3&bitm_vote=9.0.0&bitm_sitecorporate=9.0.1&bitm_photogallery=9.0.3&bitm_search=9.0.4&bitm_fileman=9.0.3&bitm_iblock=9.0.5&bitm_compression=9.0.0&bitm_subscribe=9.0.2&bitm_perfmon=9.0.1&bitm_blog=9.0.4&bitm_security=9.0.3&bitm_form=9.0.0&bitm_seo=9.0.0&bitm_sitepersonal=9.0.0&bitl_ru=&bitl_en=20070905&bith_ru=&bith_en=
2010-09-13 11:32:55 -  - exec CUpdateClient::GetHTTPPage
2010-09-13 11:32:56 -  - TIME GetUpdatesList(request) 0.698 sec
2010-09-13 11:32:56 -  - exec CUpdateClient::ParseServerData
2010-09-13 11:33:06 -  - exec CUpdateClient::GetUpdatesList
2010-09-13 11:33:06 -  - exec CUpdateClient::CollectRequestData
2010-09-13 11:33:07 -  - LICENSE_KEY=X&lang=ru&SUPD_VER=9.1.0&VERSION=9.1.0&TYPENC=D&SUPD_STS=1&SUPD_URS=0&SUPD_URSA=2&SUPD_DBS=MYSQL&XE=N&CLIENT_SITE=snowqueen.ru&CANGZIP=Y&CLIENT_PHPVER=5.2.13&stable=Y&bitm_main=9.1.0&bitm_forum=9.0.3&bitm_vote=9.0.0&bitm_sitecorporate=9.0.1&bitm_photogallery=9.0.3&bitm_search=9.0.4&bitm_fileman=9.0.3&bitm_iblock=9.0.5&bitm_compression=9.0.0&bitm_subscribe=9.0.2&bitm_perfmon=9.0.1&bitm_blog=9.0.4&bitm_security=9.0.3&bitm_form=9.0.0&bitm_seo=9.0.0&bitm_sitepersonal=9.0.0&bitl_ru=&bitl_en=20070905&bith_ru=&bith_en=
2010-09-13 11:33:07 -  - exec CUpdateClient::GetHTTPPage
2010-09-13 11:33:07 -  - TIME GetUpdatesList(request) 0.476 sec
2010-09-13 11:33:07 -  - exec CUpdateClient::ParseServerData
2010-09-13 11:33:23 -  - exec CUpdateClient::GetUpdatesList
2010-09-13 11:33:23 -  - exec CUpdateClient::CollectRequestData
2010-09-13 11:33:23 -  - LICENSE_KEY=X&lang=ru&SUPD_VER=9.1.0&VERSION=9.1.0&TYPENC=D&SUPD_STS=1&SUPD_URS=0&SUPD_URSA=2&SUPD_DBS=MYSQL&XE=N&CLIENT_SITE=snowqueen.ru&CANGZIP=Y&CLIENT_PHPVER=5.2.13&stable=Y&bitm_main=9.1.0&bitm_forum=9.0.3&bitm_vote=9.0.0&bitm_sitecorporate=9.0.1&bitm_photogallery=9.0.3&bitm_search=9.0.4&bitm_fileman=9.0.3&bitm_iblock=9.0.5&bitm_compression=9.0.0&bitm_subscribe=9.0.2&bitm_perfmon=9.0.1&bitm_blog=9.0.4&bitm_security=9.0.3&bitm_form=9.0.0&bitm_seo=9.0.0&bitm_sitepersonal=9.0.0&bitl_ru=&bitl_en=20070905&bith_ru=&bith_en=
2010-09-13 11:33:23 -  - exec CUpdateClient::GetHTTPPage
2010-09-13 11:33:24 -  - TIME GetUpdatesList(request) 0.486 sec
2010-09-13 11:33:24 -  - exec CUpdateClient::ParseServerData
2010-09-13 11:33:29 -  - exec CUpdateClient::GetUpdatesList
2010-09-13 11:33:29 -  - exec CUpdateClient::CollectRequestData
2010-09-13 11:33:30 -  - LICENSE_KEY=X&lang=ru&SUPD_VER=9.1.0&VERSION=9.1.0&TYPENC=D&SUPD_STS=1&SUPD_URS=0&SUPD_URSA=2&SUPD_DBS=MYSQL&XE=N&CLIENT_SITE=snowqueen.ru&CANGZIP=Y&CLIENT_PHPVER=5.2.13&stable=Y&bitm_main=9.1.0&bitm_forum=9.0.3&bitm_vote=9.0.0&bitm_sitecorporate=9.0.1&bitm_photogallery=9.0.3&bitm_search=9.0.4&bitm_fileman=9.0.3&bitm_iblock=9.0.5&bitm_compression=9.0.0&bitm_subscribe=9.0.2&bitm_perfmon=9.0.1&bitm_blog=9.0.4&bitm_security=9.0.3&bitm_form=9.0.0&bitm_seo=9.0.0&bitm_sitepersonal=9.0.0&bitl_ru=&bitl_en=20070905&bith_ru=&bith_en=
2010-09-13 11:33:30 -  - exec CUpdateClient::GetHTTPPage
2010-09-13 11:33:31 -  - TIME GetUpdatesList(request) 0.764 sec
2010-09-13 11:33:31 -  - exec CUpdateClient::ParseServerData
2010-09-13 11:34:15 -  - exec CUpdateClient::GetUpdatesList
2010-09-13 11:34:15 -  - exec CUpdateClient::CollectRequestData
2010-09-13 11:34:16 -  - LICENSE_KEY=X&lang=ru&SUPD_VER=9.1.0&VERSION=9.1.0&TYPENC=D&SUPD_STS=1&SUPD_URS=0&SUPD_URSA=2&SUPD_DBS=MYSQL&XE=N&CLIENT_SITE=snowqueen.ru&CANGZIP=Y&CLIENT_PHPVER=5.2.13&stable=Y&bitm_main=9.1.0&bitm_forum=9.0.3&bitm_vote=9.0.0&bitm_sitecorporate=9.0.1&bitm_photogallery=9.0.3&bitm_search=9.0.4&bitm_fileman=9.0.3&bitm_iblock=9.0.5&bitm_compression=9.0.0&bitm_subscribe=9.0.2&bitm_perfmon=9.0.1&bitm_blog=9.0.4&bitm_security=9.0.3&bitm_form=9.0.0&bitm_seo=9.0.0&bitm_sitepersonal=9.0.0&bitl_ru=&bitl_en=20070905&bith_ru=&bith_en=
2010-09-13 11:34:16 -  - exec CUpdateClient::GetHTTPPage
2010-09-13 11:34:16 -  - TIME GetUpdatesList(request) 0.597 sec
2010-09-13 11:34:16 -  - exec CUpdateClient::ParseServerData
2010-09-13 11:34:24 -  - exec CUpdateClient::GetUpdatesList
2010-09-13 11:34:24 -  - exec CUpdateClient::CollectRequestData
2010-09-13 11:34:25 -  - LICENSE_KEY=X&lang=ru&SUPD_VER=9.1.0&VERSION=9.1.0&TYPENC=D&SUPD_STS=1&SUPD_URS=0&SUPD_URSA=2&SUPD_DBS=MYSQL&XE=N&CLIENT_SITE=snowqueen.ru&CANGZIP=Y&CLIENT_PHPVER=5.2.13&stable=Y&bitm_main=9.1.0&bitm_forum=9.0.3&bitm_vote=9.0.0&bitm_sitecorporate=9.0.1&bitm_photogallery=9.0.3&bitm_search=9.0.4&bitm_fileman=9.0.3&bitm_iblock=9.0.5&bitm_compression=9.0.0&bitm_subscribe=9.0.2&bitm_perfmon=9.0.1&bitm_blog=9.0.4&bitm_security=9.0.3&bitm_form=9.0.0&bitm_seo=9.0.0&bitm_sitepersonal=9.0.0&bitl_ru=&bitl_en=20070905&bith_ru=&bith_en=
2010-09-13 11:34:25 -  - exec CUpdateClient::GetHTTPPage
2010-09-13 11:34:26 -  - TIME GetUpdatesList(request) 0.637 sec
2010-09-13 11:34:26 -  - exec CUpdateClient::ParseServerData
2010-09-13 11:41:33 -  - exec CUpdateClient::GetUpdatesList
2010-09-13 11:41:33 -  - exec CUpdateClient::CollectRequestData
2010-09-13 11:41:34 -  - LICENSE_KEY=X&lang=ru&SUPD_VER=9.1.0&VERSION=9.1.0&TYPENC=D&SUPD_STS=1&SUPD_URS=0&SUPD_URSA=2&SUPD_DBS=MYSQL&XE=N&CLIENT_SITE=snowqueen.ru&CANGZIP=Y&CLIENT_PHPVER=5.2.13&stable=Y&bitm_main=9.1.0&bitm_forum=9.0.3&bitm_vote=9.0.0&bitm_sitecorporate=9.0.1&bitm_photogallery=9.0.3&bitm_search=9.0.4&bitm_fileman=9.0.3&bitm_iblock=9.0.5&bitm_compression=9.0.0&bitm_subscribe=9.0.2&bitm_perfmon=9.0.1&bitm_blog=9.0.4&bitm_security=9.0.3&bitm_form=9.0.0&bitm_seo=9.0.0&bitm_sitepersonal=9.0.0&bitl_ru=&bitl_en=20070905&bith_ru=&bith_en=
2010-09-13 11:41:34 -  - exec CUpdateClient::GetHTTPPage
2010-09-13 11:41:35 -  - TIME GetUpdatesList(request) 1.011 sec
2010-09-13 11:41:35 -  - exec CUpdateClient::ParseServerData
2010-09-13 11:42:13 -  - exec CUpdateClient::GetUpdatesList
2010-09-13 11:42:13 -  - exec CUpdateClient::CollectRequestData
2010-09-13 11:42:14 -  - LICENSE_KEY=X&lang=ru&SUPD_VER=9.1.0&VERSION=9.1.0&TYPENC=D&SUPD_STS=1&SUPD_URS=0&SUPD_URSA=2&SUPD_DBS=MYSQL&XE=N&CLIENT_SITE=snowqueen.ru&CANGZIP=Y&CLIENT_PHPVER=5.2.13&stable=Y&bitm_main=9.1.0&bitm_forum=9.0.3&bitm_vote=9.0.0&bitm_sitecorporate=9.0.1&bitm_photogallery=9.0.3&bitm_search=9.0.4&bitm_fileman=9.0.3&bitm_iblock=9.0.5&bitm_compression=9.0.0&bitm_subscribe=9.0.2&bitm_perfmon=9.0.1&bitm_blog=9.0.4&bitm_security=9.0.3&bitm_form=9.0.0&bitm_seo=9.0.0&bitm_sitepersonal=9.0.0&bitl_ru=&bitl_en=20070905&bith_ru=&bith_en=
2010-09-13 11:42:14 -  - exec CUpdateClient::GetHTTPPage
2010-09-13 11:42:15 -  - TIME GetUpdatesList(request) 0.592 sec
2010-09-13 11:42:15 -  - exec CUpdateClient::ParseServerData
2010-09-13 11:42:23 -  - exec CUpdateClient::GetUpdatesList
2010-09-13 11:42:23 -  - exec CUpdateClient::CollectRequestData
2010-09-13 11:42:24 -  - LICENSE_KEY=X&lang=ru&SUPD_VER=9.1.0&VERSION=9.1.0&TYPENC=D&SUPD_STS=1&SUPD_URS=0&SUPD_URSA=2&SUPD_DBS=MYSQL&XE=N&CLIENT_SITE=snowqueen.ru&CANGZIP=Y&CLIENT_PHPVER=5.2.13&stable=Y&bitm_main=9.1.0&bitm_forum=9.0.3&bitm_vote=9.0.0&bitm_sitecorporate=9.0.1&bitm_photogallery=9.0.3&bitm_search=9.0.4&bitm_fileman=9.0.3&bitm_iblock=9.0.5&bitm_compression=9.0.0&bitm_subscribe=9.0.2&bitm_perfmon=9.0.1&bitm_blog=9.0.4&bitm_security=9.0.3&bitm_form=9.0.0&bitm_seo=9.0.0&bitm_sitepersonal=9.0.0&bitl_ru=&bitl_en=20070905&bith_ru=&bith_en=
2010-09-13 11:42:24 -  - exec CUpdateClient::GetHTTPPage
2010-09-13 11:42:24 -  - TIME GetUpdatesList(request) 0.743 sec
2010-09-13 11:42:24 -  - exec CUpdateClient::ParseServerData
2010-09-13 11:45:43 -  - exec CUpdateClient::GetUpdatesList
2010-09-13 11:45:43 -  - exec CUpdateClient::CollectRequestData
2010-09-13 11:45:45 -  - LICENSE_KEY=X&lang=ru&SUPD_VER=9.1.0&VERSION=9.1.0&TYPENC=D&SUPD_STS=1&SUPD_URS=0&SUPD_URSA=2&SUPD_DBS=MYSQL&XE=N&CLIENT_SITE=snowqueen.ru&CANGZIP=Y&CLIENT_PHPVER=5.2.13&stable=Y&bitm_main=9.1.0&bitm_forum=9.0.3&bitm_vote=9.0.0&bitm_sitecorporate=9.0.1&bitm_photogallery=9.0.3&bitm_search=9.0.4&bitm_fileman=9.0.3&bitm_iblock=9.0.5&bitm_compression=9.0.0&bitm_subscribe=9.0.2&bitm_perfmon=9.0.1&bitm_blog=9.0.4&bitm_security=9.0.3&bitm_form=9.0.0&bitm_seo=9.0.0&bitm_sitepersonal=9.0.0&bitl_ru=&bitl_en=20070905&bith_ru=&bith_en=
2010-09-13 11:45:45 -  - exec CUpdateClient::GetHTTPPage
2010-09-13 11:45:51 -  - TIME GetUpdatesList(request) 5.387 sec
2010-09-13 11:45:51 -  - exec CUpdateClient::ParseServerData
2010-09-13 11:46:04 -  - exec CUpdateClient::GetUpdatesList
2010-09-13 11:46:04 -  - exec CUpdateClient::CollectRequestData
2010-09-13 11:46:05 -  - LICENSE_KEY=X&lang=ru&SUPD_VER=9.1.0&VERSION=9.1.0&TYPENC=D&SUPD_STS=1&SUPD_URS=0&SUPD_URSA=2&SUPD_DBS=MYSQL&XE=N&CLIENT_SITE=snowqueen.ru&CANGZIP=Y&CLIENT_PHPVER=5.2.13&stable=Y&bitm_main=9.1.0&bitm_forum=9.0.3&bitm_vote=9.0.0&bitm_sitecorporate=9.0.1&bitm_photogallery=9.0.3&bitm_search=9.0.4&bitm_fileman=9.0.3&bitm_iblock=9.0.5&bitm_compression=9.0.0&bitm_subscribe=9.0.2&bitm_perfmon=9.0.1&bitm_blog=9.0.4&bitm_security=9.0.3&bitm_form=9.0.0&bitm_seo=9.0.0&bitm_sitepersonal=9.0.0&bitl_ru=&bitl_en=20070905&bith_ru=&bith_en=
2010-09-13 11:46:05 -  - exec CUpdateClient::GetHTTPPage
2010-09-13 11:46:06 -  - TIME GetUpdatesList(request) 0.781 sec
2010-09-13 11:46:06 -  - exec CUpdateClient::ParseServerData
2010-09-13 11:46:16 -  - exec CUpdateClient::GetUpdatesList
2010-09-13 11:46:16 -  - exec CUpdateClient::CollectRequestData
2010-09-13 11:46:18 -  - LICENSE_KEY=X&lang=ru&SUPD_VER=9.1.0&VERSION=9.1.0&TYPENC=D&SUPD_STS=1&SUPD_URS=0&SUPD_URSA=2&SUPD_DBS=MYSQL&XE=N&CLIENT_SITE=snowqueen.ru&CANGZIP=Y&CLIENT_PHPVER=5.2.13&stable=Y&bitm_main=9.1.0&bitm_forum=9.0.3&bitm_vote=9.0.0&bitm_sitecorporate=9.0.1&bitm_photogallery=9.0.3&bitm_search=9.0.4&bitm_fileman=9.0.3&bitm_iblock=9.0.5&bitm_compression=9.0.0&bitm_subscribe=9.0.2&bitm_perfmon=9.0.1&bitm_blog=9.0.4&bitm_security=9.0.3&bitm_form=9.0.0&bitm_seo=9.0.0&bitm_sitepersonal=9.0.0&bitl_ru=&bitl_en=20070905&bith_ru=&bith_en=
2010-09-13 11:46:18 -  - exec CUpdateClient::GetHTTPPage
2010-09-13 11:46:19 -  - TIME GetUpdatesList(request) 0.767 sec
2010-09-13 11:46:19 -  - exec CUpdateClient::ParseServerData
2010-09-13 11:47:30 -  - exec CUpdateClient::GetUpdatesList
2010-09-13 11:47:30 -  - exec CUpdateClient::CollectRequestData
2010-09-13 11:47:31 -  - LICENSE_KEY=X&lang=ru&SUPD_VER=9.1.0&VERSION=9.1.0&TYPENC=D&SUPD_STS=1&SUPD_URS=0&SUPD_URSA=2&SUPD_DBS=MYSQL&XE=N&CLIENT_SITE=snowqueen.ru&CANGZIP=Y&CLIENT_PHPVER=5.2.13&stable=Y&bitm_main=9.1.0&bitm_forum=9.0.3&bitm_vote=9.0.0&bitm_sitecorporate=9.0.1&bitm_photogallery=9.0.3&bitm_search=9.0.4&bitm_fileman=9.0.3&bitm_iblock=9.0.5&bitm_compression=9.0.0&bitm_subscribe=9.0.2&bitm_perfmon=9.0.1&bitm_blog=9.0.4&bitm_security=9.0.3&bitm_form=9.0.0&bitm_seo=9.0.0&bitm_sitepersonal=9.0.0&bitl_ru=&bitl_en=20070905&bith_ru=&bith_en=
2010-09-13 11:47:31 -  - exec CUpdateClient::GetHTTPPage
2010-09-13 11:47:31 -  - TIME GetUpdatesList(request) 0.498 sec
2010-09-13 11:47:31 -  - exec CUpdateClient::ParseServerData
2010-09-13 11:48:10 -  - exec CUpdateClient::GetUpdatesList
2010-09-13 11:48:10 -  - exec CUpdateClient::CollectRequestData
2010-09-13 11:48:10 -  - LICENSE_KEY=X&lang=ru&SUPD_VER=9.1.0&VERSION=9.1.0&TYPENC=D&SUPD_STS=1&SUPD_URS=0&SUPD_URSA=2&SUPD_DBS=MYSQL&XE=N&CLIENT_SITE=snowqueen.ru&CANGZIP=Y&CLIENT_PHPVER=5.2.13&stable=Y&bitm_main=9.1.0&bitm_forum=9.0.3&bitm_vote=9.0.0&bitm_sitecorporate=9.0.1&bitm_photogallery=9.0.3&bitm_search=9.0.4&bitm_fileman=9.0.3&bitm_iblock=9.0.5&bitm_compression=9.0.0&bitm_subscribe=9.0.2&bitm_perfmon=9.0.1&bitm_blog=9.0.4&bitm_security=9.0.3&bitm_form=9.0.0&bitm_seo=9.0.0&bitm_sitepersonal=9.0.0&bitl_ru=&bitl_en=20070905&bith_ru=&bith_en=
2010-09-13 11:48:11 -  - exec CUpdateClient::GetHTTPPage
2010-09-13 11:48:11 -  - TIME GetUpdatesList(request) 0.573 sec
2010-09-13 11:48:11 -  - exec CUpdateClient::ParseServerData
2010-09-13 11:49:05 -  - exec CUpdateClient::GetUpdatesList
2010-09-13 11:49:05 -  - exec CUpdateClient::CollectRequestData
2010-09-13 11:49:07 -  - LICENSE_KEY=X&lang=ru&SUPD_VER=9.1.0&VERSION=9.1.0&TYPENC=D&SUPD_STS=1&SUPD_URS=0&SUPD_URSA=2&SUPD_DBS=MYSQL&XE=N&CLIENT_SITE=snowqueen.ru&CANGZIP=Y&CLIENT_PHPVER=5.2.13&stable=Y&bitm_main=9.1.0&bitm_forum=9.0.3&bitm_vote=9.0.0&bitm_sitecorporate=9.0.1&bitm_photogallery=9.0.3&bitm_search=9.0.4&bitm_fileman=9.0.3&bitm_iblock=9.0.5&bitm_compression=9.0.0&bitm_subscribe=9.0.2&bitm_perfmon=9.0.1&bitm_blog=9.0.4&bitm_security=9.0.3&bitm_form=9.0.0&bitm_seo=9.0.0&bitm_sitepersonal=9.0.0&bitl_ru=&bitl_en=20070905&bith_ru=&bith_en=
2010-09-13 11:49:07 -  - exec CUpdateClient::GetHTTPPage
2010-09-13 11:49:08 -  - TIME GetUpdatesList(request) 0.802 sec
2010-09-13 11:49:08 -  - exec CUpdateClient::ParseServerData
2010-09-13 12:03:31 -  - exec CUpdateClient::GetUpdatesList
2010-09-13 12:03:31 -  - exec CUpdateClient::CollectRequestData
2010-09-13 12:03:32 -  - LICENSE_KEY=X&lang=ru&SUPD_VER=9.1.0&VERSION=9.1.0&TYPENC=D&SUPD_STS=1&SUPD_URS=0&SUPD_URSA=2&SUPD_DBS=MYSQL&XE=N&CLIENT_SITE=snowqueen.ru&CANGZIP=Y&CLIENT_PHPVER=5.2.13&stable=Y&bitm_main=9.1.0&bitm_forum=9.0.3&bitm_vote=9.0.0&bitm_sitecorporate=9.0.1&bitm_photogallery=9.0.3&bitm_search=9.0.4&bitm_fileman=9.0.3&bitm_iblock=9.0.5&bitm_compression=9.0.0&bitm_subscribe=9.0.2&bitm_perfmon=9.0.1&bitm_blog=9.0.4&bitm_security=9.0.3&bitm_form=9.0.0&bitm_seo=9.0.0&bitm_sitepersonal=9.0.0&bitl_ru=&bitl_en=20070905&bith_ru=&bith_en=
2010-09-13 12:03:32 -  - exec CUpdateClient::GetHTTPPage
2010-09-13 12:03:34 -  - TIME GetUpdatesList(request) 1.524 sec
2010-09-13 12:03:34 -  - exec CUpdateClient::ParseServerData
2010-09-13 15:09:15 -  - exec CUpdateClient::GetUpdatesList
2010-09-13 15:09:15 -  - exec CUpdateClient::CollectRequestData
2010-09-13 15:09:15 -  - LICENSE_KEY=X&lang=ru&SUPD_VER=9.1.0&VERSION=9.1.0&TYPENC=D&SUPD_STS=1&SUPD_URS=0&SUPD_URSA=2&SUPD_DBS=MYSQL&XE=N&CLIENT_SITE=snowqueen.ru&CANGZIP=Y&CLIENT_PHPVER=5.2.13&stable=Y&bitm_main=9.1.0&bitm_forum=9.0.3&bitm_vote=9.0.0&bitm_sitecorporate=9.0.1&bitm_photogallery=9.0.3&bitm_search=9.0.4&bitm_fileman=9.0.3&bitm_iblock=9.0.5&bitm_compression=9.0.0&bitm_subscribe=9.0.2&bitm_perfmon=9.0.1&bitm_blog=9.0.4&bitm_security=9.0.3&bitm_form=9.0.0&bitm_seo=9.0.0&bitm_sitepersonal=9.0.0&bitl_ru=&bitl_en=20070905&bith_ru=&bith_en=
2010-09-13 15:09:15 -  - exec CUpdateClient::GetHTTPPage
2010-09-13 15:09:16 -  - TIME GetUpdatesList(request) 0.944 sec
2010-09-13 15:09:16 -  - exec CUpdateClient::ParseServerData
2010-09-13 15:09:43 -  - exec CUpdateClient::GetUpdatesList
2010-09-13 15:09:43 -  - exec CUpdateClient::CollectRequestData
2010-09-13 15:09:44 -  - LICENSE_KEY=X&lang=ru&SUPD_VER=9.1.0&VERSION=9.1.0&TYPENC=D&SUPD_STS=1&SUPD_URS=0&SUPD_URSA=2&SUPD_DBS=MYSQL&XE=N&CLIENT_SITE=snowqueen.ru&CANGZIP=Y&CLIENT_PHPVER=5.2.13&stable=Y&bitm_main=9.1.0&bitm_forum=9.0.3&bitm_vote=9.0.0&bitm_sitecorporate=9.0.1&bitm_photogallery=9.0.3&bitm_search=9.0.4&bitm_fileman=9.0.3&bitm_iblock=9.0.5&bitm_compression=9.0.0&bitm_subscribe=9.0.2&bitm_perfmon=9.0.1&bitm_blog=9.0.4&bitm_security=9.0.3&bitm_form=9.0.0&bitm_seo=9.0.0&bitm_sitepersonal=9.0.0&bitl_ru=&bitl_en=20070905&bith_ru=&bith_en=
2010-09-13 15:09:44 -  - exec CUpdateClient::GetHTTPPage
2010-09-13 15:09:44 -  - TIME GetUpdatesList(request) 0.701 sec
2010-09-13 15:09:44 -  - exec CUpdateClient::ParseServerData
2010-09-13 15:18:57 -  - exec CUpdateClient::ActivateLicenseKey
2010-09-13 15:18:57 -  - exec CUpdateClient::CollectRequestData
2010-09-13 15:18:58 -  - LICENSE_KEY=X&lang=ru&SUPD_VER=9.1.0&VERSION=9.1.0&TYPENC=D&SUPD_STS=1&SUPD_URS=0&SUPD_URSA=2&SUPD_DBS=MYSQL&XE=N&CLIENT_SITE=snowqueen.ru&CANGZIP=Y&CLIENT_PHPVER=5.2.13&stable=Y&bitm_main=9.1.0&bitm_forum=9.0.3&bitm_vote=9.0.0&bitm_sitecorporate=9.0.1&bitm_photogallery=9.0.3&bitm_search=9.0.4&bitm_fileman=9.0.3&bitm_iblock=9.0.5&bitm_compression=9.0.0&bitm_subscribe=9.0.2&bitm_perfmon=9.0.1&bitm_blog=9.0.4&bitm_security=9.0.3&bitm_form=9.0.0&bitm_seo=9.0.0&bitm_sitepersonal=9.0.0&bitl_ru=&bitl_en=20070905&bith_ru=&bith_en=&query_type=activate
2010-09-13 15:18:58 -  - exec CUpdateClient::GetHTTPPage
2010-09-13 15:18:59 -  - TIME ActivateLicenseKey(request) 0.541 sec
2010-09-13 15:18:59 -  - exec CUpdateClient::ParseServerData
2010-09-13 15:18:59 - CUALK - License key activated successfully!
2010-09-13 15:18:59 - UPD_SUCCESS - Licence activated
2010-09-13 15:19:03 -  - exec CUpdateClient::GetUpdatesList
2010-09-13 15:19:03 -  - exec CUpdateClient::CollectRequestData
2010-09-13 15:19:04 -  - LICENSE_KEY=X&lang=ru&SUPD_VER=9.1.0&VERSION=9.1.0&TYPENC=D&SUPD_STS=1&SUPD_URS=0&SUPD_URSA=2&SUPD_DBS=MYSQL&XE=N&CLIENT_SITE=snowqueen.ru&CANGZIP=Y&CLIENT_PHPVER=5.2.13&stable=Y&bitm_main=9.1.0&bitm_forum=9.0.3&bitm_vote=9.0.0&bitm_sitecorporate=9.0.1&bitm_photogallery=9.0.3&bitm_search=9.0.4&bitm_fileman=9.0.3&bitm_iblock=9.0.5&bitm_compression=9.0.0&bitm_subscribe=9.0.2&bitm_perfmon=9.0.1&bitm_blog=9.0.4&bitm_security=9.0.3&bitm_form=9.0.0&bitm_seo=9.0.0&bitm_sitepersonal=9.0.0&bitl_ru=&bitl_en=20070905&bith_ru=&bith_en=
2010-09-13 15:19:04 -  - exec CUpdateClient::GetHTTPPage
2010-09-13 15:19:05 -  - TIME GetUpdatesList(request) 0.544 sec
2010-09-13 15:19:05 -  - exec CUpdateClient::ParseServerData
2010-09-13 15:19:18 -  - exec CUpdateClient::GetUpdatesList
2010-09-13 15:19:18 -  - exec CUpdateClient::CollectRequestData
2010-09-13 15:19:19 -  - LICENSE_KEY=X&lang=ru&SUPD_VER=9.1.0&VERSION=9.1.0&TYPENC=D&SUPD_STS=1&SUPD_URS=0&SUPD_URSA=2&SUPD_DBS=MYSQL&XE=N&CLIENT_SITE=snowqueen.ru&CANGZIP=Y&CLIENT_PHPVER=5.2.13&stable=Y&bitm_main=9.1.0&bitm_forum=9.0.3&bitm_vote=9.0.0&bitm_sitecorporate=9.0.1&bitm_photogallery=9.0.3&bitm_search=9.0.4&bitm_fileman=9.0.3&bitm_iblock=9.0.5&bitm_compression=9.0.0&bitm_subscribe=9.0.2&bitm_perfmon=9.0.1&bitm_blog=9.0.4&bitm_security=9.0.3&bitm_form=9.0.0&bitm_seo=9.0.0&bitm_sitepersonal=9.0.0&bitl_ru=&bitl_en=20070905&bith_ru=&bith_en=
2010-09-13 15:19:19 -  - exec CUpdateClient::GetHTTPPage
2010-09-13 15:19:19 -  - TIME GetUpdatesList(request) 0.792 sec
2010-09-13 15:19:20 -  - exec CUpdateClient::ParseServerData
2010-09-13 15:19:34 -  - exec CUpdateClient::GetUpdatesList
2010-09-13 15:19:34 -  - exec CUpdateClient::CollectRequestData
2010-09-13 15:19:36 -  - LICENSE_KEY=X&lang=ru&SUPD_VER=9.1.0&VERSION=9.1.0&TYPENC=D&SUPD_STS=1&SUPD_URS=0&SUPD_URSA=2&SUPD_DBS=MYSQL&XE=N&CLIENT_SITE=snowqueen.ru&CANGZIP=Y&CLIENT_PHPVER=5.2.13&stable=Y&bitm_main=9.1.0&bitm_forum=9.0.3&bitm_vote=9.0.0&bitm_sitecorporate=9.0.1&bitm_photogallery=9.0.3&bitm_search=9.0.4&bitm_fileman=9.0.3&bitm_iblock=9.0.5&bitm_compression=9.0.0&bitm_subscribe=9.0.2&bitm_perfmon=9.0.1&bitm_blog=9.0.4&bitm_security=9.0.3&bitm_form=9.0.0&bitm_seo=9.0.0&bitm_sitepersonal=9.0.0&bitl_ru=&bitl_en=20070905&bith_ru=&bith_en=
2010-09-13 15:19:36 -  - exec CUpdateClient::GetHTTPPage
2010-09-13 15:19:36 -  - TIME GetUpdatesList(request) 0.625 sec
2010-09-13 15:19:36 -  - exec CUpdateClient::ParseServerData
2010-09-13 15:23:04 -  - exec CUpdateClient::GetUpdatesList
2010-09-13 15:23:04 -  - exec CUpdateClient::CollectRequestData
2010-09-13 15:23:05 -  - LICENSE_KEY=X&lang=ru&SUPD_VER=9.1.0&VERSION=9.1.0&TYPENC=D&SUPD_STS=1&SUPD_URS=0&SUPD_URSA=2&SUPD_DBS=MYSQL&XE=N&CLIENT_SITE=snowqueen.ru&CANGZIP=Y&CLIENT_PHPVER=5.2.13&stable=Y&bitm_main=9.1.0&bitm_forum=9.0.3&bitm_vote=9.0.0&bitm_sitecorporate=9.0.1&bitm_photogallery=9.0.3&bitm_search=9.0.4&bitm_fileman=9.0.3&bitm_iblock=9.0.5&bitm_compression=9.0.0&bitm_subscribe=9.0.2&bitm_perfmon=9.0.1&bitm_blog=9.0.4&bitm_security=9.0.3&bitm_form=9.0.0&bitm_seo=9.0.0&bitm_sitepersonal=9.0.0&bitl_ru=&bitl_en=20070905&bith_ru=&bith_en=
2010-09-13 15:23:06 -  - exec CUpdateClient::GetHTTPPage
2010-09-13 15:23:06 -  - TIME GetUpdatesList(request) 0.714 sec
2010-09-13 15:23:06 -  - exec CUpdateClient::ParseServerData
2010-09-13 15:23:14 -  - exec CUpdateClient::RegisterVersion
2010-09-13 15:23:14 -  - exec CUpdateClient::CollectRequestData
2010-09-13 15:23:14 -  - LICENSE_KEY=X&lang=ru&SUPD_VER=9.1.0&VERSION=9.1.0&TYPENC=D&SUPD_STS=1&SUPD_URS=0&SUPD_URSA=2&SUPD_DBS=MYSQL&XE=N&CLIENT_SITE=snowqueen.ru&CANGZIP=Y&CLIENT_PHPVER=5.2.13&stable=Y&bitm_main=9.1.0&bitm_forum=9.0.3&bitm_vote=9.0.0&bitm_sitecorporate=9.0.1&bitm_photogallery=9.0.3&bitm_search=9.0.4&bitm_fileman=9.0.3&bitm_iblock=9.0.5&bitm_compression=9.0.0&bitm_subscribe=9.0.2&bitm_perfmon=9.0.1&bitm_blog=9.0.4&bitm_security=9.0.3&bitm_form=9.0.0&bitm_seo=9.0.0&bitm_sitepersonal=9.0.0&bitl_ru=&bitl_en=20070905&bith_ru=&bith_en=&query_type=register
2010-09-13 15:23:14 -  - exec CUpdateClient::GetHTTPPage
2010-09-13 15:23:16 -  - TIME RegisterVersion(request) 1.249 sec
2010-09-13 15:23:16 -  - exec CUpdateClient::UnGzipArchive
2010-09-13 15:23:16 -  - TIME UnGzipArchive 0.103 sec
2010-09-13 15:23:16 -  - exec CUpdateClient::ParseServerData
2010-09-13 15:23:16 - CURV - [URV07] Файл не найден. 
2010-09-13 15:23:16 - UPD_ERROR - Error: [URV07] Файл не найден. 
2010-09-13 15:24:37 -  - exec CUpdateClient::GetUpdatesList
2010-09-13 15:24:37 -  - exec CUpdateClient::CollectRequestData
2010-09-13 15:24:38 -  - LICENSE_KEY=X&lang=ru&SUPD_VER=9.1.0&VERSION=9.1.0&TYPENC=D&SUPD_STS=1&SUPD_URS=0&SUPD_URSA=2&SUPD_DBS=MYSQL&XE=N&CLIENT_SITE=snowqueen.ru&CANGZIP=Y&CLIENT_PHPVER=5.2.13&stable=Y&bitm_main=9.1.0&bitm_forum=9.0.3&bitm_vote=9.0.0&bitm_sitecorporate=9.0.1&bitm_photogallery=9.0.3&bitm_search=9.0.4&bitm_fileman=9.0.3&bitm_iblock=9.0.5&bitm_compression=9.0.0&bitm_subscribe=9.0.2&bitm_perfmon=9.0.1&bitm_blog=9.0.4&bitm_security=9.0.3&bitm_form=9.0.0&bitm_seo=9.0.0&bitm_sitepersonal=9.0.0&bitl_ru=&bitl_en=20070905&bith_ru=&bith_en=
2010-09-13 15:24:38 -  - exec CUpdateClient::GetHTTPPage
2010-09-13 15:24:39 -  - TIME GetUpdatesList(request) 0.655 sec
2010-09-13 15:24:39 -  - exec CUpdateClient::ParseServerData
2010-09-13 15:24:44 -  - exec CUpdateClient::RegisterVersion
2010-09-13 15:24:44 -  - exec CUpdateClient::CollectRequestData
2010-09-13 15:24:45 -  - LICENSE_KEY=X&lang=ru&SUPD_VER=9.1.0&VERSION=9.1.0&TYPENC=D&SUPD_STS=1&SUPD_URS=0&SUPD_URSA=2&SUPD_DBS=MYSQL&XE=N&CLIENT_SITE=snowqueen.ru&CANGZIP=Y&CLIENT_PHPVER=5.2.13&stable=Y&bitm_main=9.1.0&bitm_forum=9.0.3&bitm_vote=9.0.0&bitm_sitecorporate=9.0.1&bitm_photogallery=9.0.3&bitm_search=9.0.4&bitm_fileman=9.0.3&bitm_iblock=9.0.5&bitm_compression=9.0.0&bitm_subscribe=9.0.2&bitm_perfmon=9.0.1&bitm_blog=9.0.4&bitm_security=9.0.3&bitm_form=9.0.0&bitm_seo=9.0.0&bitm_sitepersonal=9.0.0&bitl_ru=&bitl_en=20070905&bith_ru=&bith_en=&query_type=register
2010-09-13 15:24:45 -  - exec CUpdateClient::GetHTTPPage
2010-09-13 15:24:46 -  - TIME RegisterVersion(request) 0.547 sec
2010-09-13 15:24:46 -  - exec CUpdateClient::UnGzipArchive
2010-09-13 15:24:46 -  - TIME UnGzipArchive 0.017 sec
2010-09-13 15:24:46 -  - exec CUpdateClient::ParseServerData
2010-09-13 15:24:46 - CURV - [URV07] Файл не найден. 
2010-09-13 15:24:46 - UPD_ERROR - Error: [URV07] Файл не найден. 
2010-09-13 15:25:36 -  - exec CUpdateClient::GetUpdatesList
2010-09-13 15:25:36 -  - exec CUpdateClient::CollectRequestData
2010-09-13 15:25:37 -  - LICENSE_KEY=X&lang=ru&SUPD_VER=9.1.0&VERSION=9.1.0&TYPENC=D&SUPD_STS=1&SUPD_URS=0&SUPD_URSA=2&SUPD_DBS=MYSQL&XE=N&CLIENT_SITE=snowqueen.ru&CANGZIP=Y&CLIENT_PHPVER=5.2.13&stable=Y&bitm_main=9.1.0&bitm_forum=9.0.3&bitm_vote=9.0.0&bitm_sitecorporate=9.0.1&bitm_photogallery=9.0.3&bitm_search=9.0.4&bitm_fileman=9.0.3&bitm_iblock=9.0.5&bitm_compression=9.0.0&bitm_subscribe=9.0.2&bitm_perfmon=9.0.1&bitm_blog=9.0.4&bitm_security=9.0.3&bitm_form=9.0.0&bitm_seo=9.0.0&bitm_sitepersonal=9.0.0&bitl_ru=&bitl_en=20070905&bith_ru=&bith_en=
2010-09-13 15:25:37 -  - exec CUpdateClient::GetHTTPPage
2010-09-13 15:25:37 -  - TIME GetUpdatesList(request) 0.596 sec
2010-09-13 15:25:38 -  - exec CUpdateClient::ParseServerData
2010-09-13 15:25:45 -  - exec CUpdateClient::UpdateUpdate
2010-09-13 15:25:45 -  - exec CUpdateClient::CollectRequestData
2010-09-13 15:25:45 -  - LICENSE_KEY=X&lang=ru&SUPD_VER=9.1.0&VERSION=9.1.0&TYPENC=D&SUPD_STS=1&SUPD_URS=0&SUPD_URSA=2&SUPD_DBS=MYSQL&XE=N&CLIENT_SITE=snowqueen.ru&CANGZIP=Y&CLIENT_PHPVER=5.2.13&stable=Y&bitm_main=9.1.0&bitm_forum=9.0.3&bitm_vote=9.0.0&bitm_sitecorporate=9.0.1&bitm_photogallery=9.0.3&bitm_search=9.0.4&bitm_fileman=9.0.3&bitm_iblock=9.0.5&bitm_compression=9.0.0&bitm_subscribe=9.0.2&bitm_perfmon=9.0.1&bitm_blog=9.0.4&bitm_security=9.0.3&bitm_form=9.0.0&bitm_seo=9.0.0&bitm_sitepersonal=9.0.0&bitl_ru=&bitl_en=20070905&bith_ru=&bith_en=&query_type=updateupdate
2010-09-13 15:25:45 -  - exec CUpdateClient::GetHTTPPage
2010-09-13 15:25:48 -  - TIME UpdateUpdate(request) 3.1 sec
2010-09-13 15:25:48 -  - exec CUpdateClient::UnGzipArchive
2010-09-13 15:25:49 -  - TIME UnGzipArchive 0.163 sec
2010-09-13 15:25:49 -  - exec CUpdateClient::ParseServerData
2010-09-13 15:25:49 - CURV - Update updated successfully!
2010-09-13 15:25:50 - UPD_SUCCESS - Update system updated
2010-09-13 15:25:53 -  - exec CUpdateClient::GetUpdatesList
2010-09-13 15:25:53 -  - exec CUpdateClient::CollectRequestData
2010-09-13 15:25:54 -  - LICENSE_KEY=X&lang=ru&SUPD_VER=9.1.2&VERSION=9.1.0&TYPENC=D&SUPD_STS=1&SUPD_URS=0&SUPD_URSA=2&SUPD_DBS=MYSQL&XE=N&CLIENT_SITE=snowqueen.ru&CANGZIP=Y&CLIENT_PHPVER=5.2.13&stable=Y&bitm_main=9.1.0&bitm_forum=9.0.3&bitm_vote=9.0.0&bitm_sitecorporate=9.0.1&bitm_photogallery=9.0.3&bitm_search=9.0.4&bitm_fileman=9.0.3&bitm_iblock=9.0.5&bitm_compression=9.0.0&bitm_subscribe=9.0.2&bitm_perfmon=9.0.1&bitm_blog=9.0.4&bitm_security=9.0.3&bitm_form=9.0.0&bitm_seo=9.0.0&bitm_sitepersonal=9.0.0&bitl_ru=&bitl_en=20070905&bith_ru=&bith_en=
2010-09-13 15:25:54 -  - exec CUpdateClient::GetHTTPPage
2010-09-13 15:25:54 -  - TIME GetUpdatesList(request) 0.742 sec
2010-09-13 15:25:54 -  - exec CUpdateClient::ParseServerData
2010-09-13 15:26:00 -  - exec CUpdateClient::RegisterVersion
2010-09-13 15:26:00 -  - exec CUpdateClient::CollectRequestData
2010-09-13 15:26:01 -  - LICENSE_KEY=X&lang=ru&SUPD_VER=9.1.2&VERSION=9.1.0&TYPENC=D&SUPD_STS=1&SUPD_URS=0&SUPD_URSA=2&SUPD_DBS=MYSQL&XE=N&CLIENT_SITE=snowqueen.ru&CANGZIP=Y&CLIENT_PHPVER=5.2.13&stable=Y&bitm_main=9.1.0&bitm_forum=9.0.3&bitm_vote=9.0.0&bitm_sitecorporate=9.0.1&bitm_photogallery=9.0.3&bitm_search=9.0.4&bitm_fileman=9.0.3&bitm_iblock=9.0.5&bitm_compression=9.0.0&bitm_subscribe=9.0.2&bitm_perfmon=9.0.1&bitm_blog=9.0.4&bitm_security=9.0.3&bitm_form=9.0.0&bitm_seo=9.0.0&bitm_sitepersonal=9.0.0&bitl_ru=&bitl_en=20070905&bith_ru=&bith_en=&query_type=register
2010-09-13 15:26:01 -  - exec CUpdateClient::GetHTTPPage
2010-09-13 15:26:02 -  - TIME RegisterVersion(request) 1.019 sec
2010-09-13 15:26:02 -  - exec CUpdateClient::UnGzipArchive
2010-09-13 15:26:02 -  - TIME UnGzipArchive 0.001 sec
2010-09-13 15:26:02 -  - exec CUpdateClient::ParseServerData
2010-09-13 15:26:02 - CURV - Product registered successfully!
2010-09-13 15:26:02 - UPD_SUCCESS - Registered
2010-09-13 15:27:27 -  - exec CUpdateClient::GetUpdatesList
2010-09-13 15:27:27 -  - exec CUpdateClient::CollectRequestData
2010-09-13 15:27:27 -  - LICENSE_KEY=X&lang=ru&SUPD_VER=9.1.2&VERSION=9.1.0&TYPENC=E&SUPD_STS=1&SUPD_URS=0&SUPD_URSA=2&SUPD_DBS=MYSQL&XE=N&CLIENT_SITE=snowqueen.ru&CANGZIP=Y&CLIENT_PHPVER=5.2.13&stable=Y&bitm_main=9.1.0&bitm_forum=9.0.3&bitm_vote=9.0.0&bitm_sitecorporate=9.0.1&bitm_photogallery=9.0.3&bitm_search=9.0.4&bitm_fileman=9.0.3&bitm_iblock=9.0.5&bitm_compression=9.0.0&bitm_subscribe=9.0.2&bitm_perfmon=9.0.1&bitm_blog=9.0.4&bitm_security=9.0.3&bitm_form=9.0.0&bitm_seo=9.0.0&bitm_sitepersonal=9.0.0&bitl_ru=&bitl_en=20070905&bith_ru=&bith_en=
2010-09-13 15:27:27 -  - exec CUpdateClient::GetHTTPPage
2010-09-13 15:27:28 -  - TIME GetUpdatesList(request) 0.409 sec
2010-09-13 15:27:28 -  - exec CUpdateClient::ParseServerData
2010-09-13 15:27:50 -  - exec CUpdateClient::GetNextStepUpdates
2010-09-13 15:27:50 -  - exec CUpdateClient::CollectRequestData
2010-09-13 15:27:50 -  - LICENSE_KEY=X&lang=ru&SUPD_VER=9.1.2&VERSION=9.1.0&TYPENC=E&SUPD_STS=1&SUPD_URS=0&SUPD_URSA=2&SUPD_DBS=MYSQL&XE=N&CLIENT_SITE=snowqueen.ru&CANGZIP=Y&CLIENT_PHPVER=5.2.13&stable=Y&bitm_main=9.1.0&bitm_forum=9.0.3&bitm_vote=9.0.0&bitm_sitecorporate=9.0.1&bitm_photogallery=9.0.3&bitm_search=9.0.4&bitm_fileman=9.0.3&bitm_iblock=9.0.5&bitm_compression=9.0.0&bitm_subscribe=9.0.2&bitm_perfmon=9.0.1&bitm_blog=9.0.4&bitm_security=9.0.3&bitm_form=9.0.0&bitm_seo=9.0.0&bitm_sitepersonal=9.0.0&bitl_ru=&bitl_en=20070905&bith_ru=&bith_en=
2010-09-13 15:27:50 -  - exec CUpdateClient::GetHTTPPage
2010-09-13 15:27:52 -  - TIME GetNextStepUpdates(request) 1.331 sec
2010-09-13 15:27:52 -  - exec CUpdateClient::UnGzipArchive
2010-09-13 15:27:52 -  - TIME UnGzipArchive 0.009 sec
2010-09-13 15:27:52 -  - exec CUpdateClient::GetStepUpdateInfo
2010-09-13 15:27:52 -  - exec CUpdateClient::ParseServerData
2010-09-13 15:27:52 - CSURUS1 - Run updater '/bitrix/updates/update_m1284377272/main/updater9.1.1.php'
2010-09-13 15:27:52 - CRUPDCDF2 - Run updater '/bitrix/updates/update_m1284377272/main/updater9.1.1.php': Query(UPDATE b_user_option SET USER_ID=0, COMMON='N' WHERE CATEGORY='intranet' AND (NAME LIKE '~gadgets_sonet_user%' OR NAME LIKE '~gadgets_sonet_group%'), )
2010-09-13 15:27:52 - CRUPDCDF2 - Run updater '/bitrix/updates/update_m1284377272/main/updater9.1.1.php': Query(UPDATE b_user_option SET USER_ID=0, COMMON='N' WHERE CATEGORY='socialnetwork' and (NAME LIKE '~menu_G_%' OR NAME LIKE '~menu_U_%' OR NAME LIKE '~menu_M_%'), )
2010-09-13 15:27:52 - CRUPDCF1 - Run updater '/bitrix/updates/update_m1284377272/main/updater9.1.1.php': CopyFiles(install/js, js)
2010-09-13 15:27:52 - CRUPDCF1 - Run updater '/bitrix/updates/update_m1284377272/main/updater9.1.1.php': CopyFiles(install/components, components)
2010-09-13 15:27:52 -  - TIME UpdateStepModules 0.099 sec
2010-09-13 15:27:52 - UPD_SUCCESS - Updated: main (9.1.1)<br><li>Изменен механизм хранения положения и настроек гаджетов на рабочем столе профиля пользователя и группы. <li>Часть функционала вынесена из компонента bitrix:main.user.link в ядро продукта. <li>Незначительные изменения и исправления.
2010-09-13 15:27:53 -  - exec CUpdateClient::GetNextStepUpdates
2010-09-13 15:27:53 -  - exec CUpdateClient::CollectRequestData
2010-09-13 15:27:53 -  - LICENSE_KEY=X&lang=ru&SUPD_VER=9.1.2&VERSION=9.1.1&TYPENC=E&SUPD_STS=1&SUPD_URS=0&SUPD_URSA=2&SUPD_DBS=MYSQL&XE=N&CLIENT_SITE=snowqueen.ru&CANGZIP=Y&CLIENT_PHPVER=5.2.13&stable=Y&bitm_main=9.1.1&bitm_forum=9.0.3&bitm_vote=9.0.0&bitm_sitecorporate=9.0.1&bitm_photogallery=9.0.3&bitm_search=9.0.4&bitm_fileman=9.0.3&bitm_iblock=9.0.5&bitm_compression=9.0.0&bitm_subscribe=9.0.2&bitm_perfmon=9.0.1&bitm_blog=9.0.4&bitm_security=9.0.3&bitm_form=9.0.0&bitm_seo=9.0.0&bitm_sitepersonal=9.0.0&bitl_ru=&bitl_en=20070905&bith_ru=&bith_en=
2010-09-13 15:27:53 -  - exec CUpdateClient::GetHTTPPage
2010-09-13 15:27:58 -  - TIME GetNextStepUpdates(request) 5.033 sec
2010-09-13 15:27:58 -  - exec CUpdateClient::UnGzipArchive
2010-09-13 15:27:58 -  - TIME UnGzipArchive 0.29 sec
2010-09-13 15:27:59 -  - exec CUpdateClient::GetStepUpdateInfo
2010-09-13 15:27:59 -  - exec CUpdateClient::ParseServerData
2010-09-13 15:27:59 - CSURUS1 - Run updater '/bitrix/updates/update_m1284377278/main/updater9.1.2.php'
2010-09-13 15:27:59 - CRUPDCF1 - Run updater '/bitrix/updates/update_m1284377278/main/updater9.1.2.php': CopyFiles(install/js, js)
2010-09-13 15:27:59 - CRUPDCF1 - Run updater '/bitrix/updates/update_m1284377278/main/updater9.1.2.php': CopyFiles(install/components, components)
2010-09-13 15:28:01 - CRUPDCF1 - Run updater '/bitrix/updates/update_m1284377278/main/updater9.1.2.php': CopyFiles(install/gadgets, gadgets)
2010-09-13 15:28:01 - CRUPDCF1 - Run updater '/bitrix/updates/update_m1284377278/main/updater9.1.2.php': CopyFiles(install/themes, themes)
2010-09-13 15:28:01 - CRUPDCF1 - Run updater '/bitrix/updates/update_m1284377278/main/updater9.1.2.php': CopyFiles(install/image_uploader, image_uploader)
2010-09-13 15:28:01 -  - TIME UpdateStepModules 2.22 sec
2010-09-13 15:28:02 - UPD_SUCCESS - Updated: main (9.1.2)<br><li>Обновление включает по умолчанию режим управляемого кеширования компонентов. <li>На страницу \"Автокеширование\" добавлена настройка управляемого кеширования компонентов (Cache Dependencies). <li>Оптимизация режима AJAX для компонентов. <li>Исправления языковых сообщений. <li>Незначительные исправления в механизме мастеров. <li>Разработчикам: в шаблон iblock_section компонента bitrix:system.field.view добавлена возможность вывода значения в виде цепочки групп инфоблока. 
2010-09-13 15:28:04 -  - exec CUpdateClient::GetNextStepUpdates
2010-09-13 15:28:04 -  - exec CUpdateClient::CollectRequestData
2010-09-13 15:28:04 -  - LICENSE_KEY=X&lang=ru&SUPD_VER=9.1.2&VERSION=9.1.2&TYPENC=E&SUPD_STS=1&SUPD_URS=0&SUPD_URSA=2&SUPD_DBS=MYSQL&XE=N&CLIENT_SITE=snowqueen.ru&CANGZIP=Y&CLIENT_PHPVER=5.2.13&stable=Y&bitm_main=9.1.2&bitm_forum=9.0.3&bitm_vote=9.0.0&bitm_sitecorporate=9.0.1&bitm_photogallery=9.0.3&bitm_search=9.0.4&bitm_fileman=9.0.3&bitm_iblock=9.0.5&bitm_compression=9.0.0&bitm_subscribe=9.0.2&bitm_perfmon=9.0.1&bitm_blog=9.0.4&bitm_security=9.0.3&bitm_form=9.0.0&bitm_seo=9.0.0&bitm_sitepersonal=9.0.0&bitl_ru=&bitl_en=20070905&bith_ru=&bith_en=
2010-09-13 15:28:04 -  - exec CUpdateClient::GetHTTPPage
2010-09-13 15:28:05 -  - TIME GetNextStepUpdates(request) 0.566 sec
2010-09-13 15:28:05 -  - exec CUpdateClient::UnGzipArchive
2010-09-13 15:28:05 -  - TIME UnGzipArchive 0.005 sec
2010-09-13 15:28:06 -  - exec CUpdateClient::GetStepUpdateInfo
2010-09-13 15:28:06 -  - exec CUpdateClient::ParseServerData
2010-09-13 15:28:06 - CSURUS1 - Run updater '/bitrix/updates/update_m1284377285/fileman/updater9.1.0.php'
2010-09-13 15:28:06 - CRUPDCF1 - Run updater '/bitrix/updates/update_m1284377285/fileman/updater9.1.0.php': CopyFiles(install/components, components)
2010-09-13 15:28:08 -  - TIME UpdateStepModules 2.256 sec
2010-09-13 15:28:08 - UPD_SUCCESS - Updated: fileman (9.1.0)<br><li>Незначительные изменения.
2010-09-13 15:28:12 -  - exec CUpdateClient::GetNextStepUpdates
2010-09-13 15:28:12 -  - exec CUpdateClient::CollectRequestData
2010-09-13 15:28:13 -  - LICENSE_KEY=X&lang=ru&SUPD_VER=9.1.2&VERSION=9.1.2&TYPENC=E&SUPD_STS=1&SUPD_URS=0&SUPD_URSA=2&SUPD_DBS=MYSQL&XE=N&CLIENT_SITE=snowqueen.ru&CANGZIP=Y&CLIENT_PHPVER=5.2.13&stable=Y&bitm_main=9.1.2&bitm_forum=9.0.3&bitm_vote=9.0.0&bitm_sitecorporate=9.0.1&bitm_photogallery=9.0.3&bitm_search=9.0.4&bitm_fileman=9.1.0&bitm_iblock=9.0.5&bitm_compression=9.0.0&bitm_subscribe=9.0.2&bitm_perfmon=9.0.1&bitm_blog=9.0.4&bitm_security=9.0.3&bitm_form=9.0.0&bitm_seo=9.0.0&bitm_sitepersonal=9.0.0&bitl_ru=&bitl_en=20070905&bith_ru=&bith_en=
2010-09-13 15:28:13 -  - exec CUpdateClient::GetHTTPPage
2010-09-13 15:28:14 -  - TIME GetNextStepUpdates(request) 0.957 sec
2010-09-13 15:28:14 -  - exec CUpdateClient::UnGzipArchive
2010-09-13 15:28:14 -  - TIME UnGzipArchive 0.008 sec
2010-09-13 15:28:15 -  - exec CUpdateClient::GetStepUpdateInfo
2010-09-13 15:28:15 -  - exec CUpdateClient::ParseServerData
2010-09-13 15:28:15 - CSURUS1 - Run updater '/bitrix/updates/update_m1284377294/iblock/updater9.1.0.php'
2010-09-13 15:28:15 - CRUPDCF1 - Run updater '/bitrix/updates/update_m1284377294/iblock/updater9.1.0.php': CopyFiles(install/components, components)
2010-09-13 15:28:16 -  - TIME UpdateStepModules 0.911 sec
2010-09-13 15:28:16 - UPD_SUCCESS - Updated: iblock (9.1.0)<br><li>Исправлена ошибка XML-импорта значений списочных свойств при одинаковых xml_id. <li>Исправлена ошибка SQL MSSQL версии при выборке TOP c DISTINCT. <li>Исправлена ошибка экспорта HTML-свойств для UTF версии. 
2010-09-13 15:28:19 -  - exec CUpdateClient::GetNextStepUpdates
2010-09-13 15:28:19 -  - exec CUpdateClient::CollectRequestData
2010-09-13 15:28:20 -  - LICENSE_KEY=X&lang=ru&SUPD_VER=9.1.2&VERSION=9.1.2&TYPENC=E&SUPD_STS=1&SUPD_URS=0&SUPD_URSA=2&SUPD_DBS=MYSQL&XE=N&CLIENT_SITE=snowqueen.ru&CANGZIP=Y&CLIENT_PHPVER=5.2.13&stable=Y&bitm_main=9.1.2&bitm_forum=9.0.3&bitm_vote=9.0.0&bitm_sitecorporate=9.0.1&bitm_photogallery=9.0.3&bitm_search=9.0.4&bitm_fileman=9.1.0&bitm_iblock=9.1.0&bitm_compression=9.0.0&bitm_subscribe=9.0.2&bitm_perfmon=9.0.1&bitm_blog=9.0.4&bitm_security=9.0.3&bitm_form=9.0.0&bitm_seo=9.0.0&bitm_sitepersonal=9.0.0&bitl_ru=&bitl_en=20070905&bith_ru=&bith_en=
2010-09-13 15:28:20 -  - exec CUpdateClient::GetHTTPPage
2010-09-13 15:28:20 -  - TIME GetNextStepUpdates(request) 0.824 sec
2010-09-13 15:28:20 -  - exec CUpdateClient::UnGzipArchive
2010-09-13 15:28:20 -  - TIME UnGzipArchive 0.007 sec
2010-09-13 15:28:21 -  - exec CUpdateClient::GetStepUpdateInfo
2010-09-13 15:28:21 -  - exec CUpdateClient::ParseServerData
2010-09-13 15:28:21 - CSURUS1 - Run updater '/bitrix/updates/update_m1284377300/search/updater9.1.0.php'
2010-09-13 15:28:21 - CRUPDCF1 - Run updater '/bitrix/updates/update_m1284377300/search/updater9.1.0.php': CopyFiles(install/components, components)
2010-09-13 15:28:22 -  - TIME UpdateStepModules 0.472 sec
2010-09-13 15:28:22 - UPD_SUCCESS - Updated: search (9.1.0)<br><li>Исправления локализации.
2010-09-13 15:28:25 -  - exec CUpdateClient::GetNextStepUpdates
2010-09-13 15:28:25 -  - exec CUpdateClient::CollectRequestData
2010-09-13 15:28:25 -  - LICENSE_KEY=X&lang=ru&SUPD_VER=9.1.2&VERSION=9.1.2&TYPENC=E&SUPD_STS=1&SUPD_URS=0&SUPD_URSA=2&SUPD_DBS=MYSQL&XE=N&CLIENT_SITE=snowqueen.ru&CANGZIP=Y&CLIENT_PHPVER=5.2.13&stable=Y&bitm_main=9.1.2&bitm_forum=9.0.3&bitm_vote=9.0.0&bitm_sitecorporate=9.0.1&bitm_photogallery=9.0.3&bitm_search=9.1.0&bitm_fileman=9.1.0&bitm_iblock=9.1.0&bitm_compression=9.0.0&bitm_subscribe=9.0.2&bitm_perfmon=9.0.1&bitm_blog=9.0.4&bitm_security=9.0.3&bitm_form=9.0.0&bitm_seo=9.0.0&bitm_sitepersonal=9.0.0&bitl_ru=&bitl_en=20070905&bith_ru=&bith_en=
2010-09-13 15:28:25 -  - exec CUpdateClient::GetHTTPPage
2010-09-13 15:28:25 -  - TIME GetNextStepUpdates(request) 0.574 sec
2010-09-13 15:28:26 -  - exec CUpdateClient::UnGzipArchive
2010-09-13 15:28:26 -  - TIME UnGzipArchive 0.003 sec
2010-09-13 15:28:27 -  - exec CUpdateClient::GetStepUpdateInfo
2010-09-13 15:28:27 -  - exec CUpdateClient::ParseServerData
2010-09-13 15:28:27 - CSURUS1 - Run updater '/bitrix/updates/update_m1284377306/subscribe/updater9.1.0.php'
2010-09-13 15:28:27 - CRUPDCF1 - Run updater '/bitrix/updates/update_m1284377306/subscribe/updater9.1.0.php': CopyFiles(install/components, components)
2010-09-13 15:28:27 -  - TIME UpdateStepModules 0.404 sec
2010-09-13 15:28:27 - UPD_SUCCESS - Updated: subscribe (9.1.0)<br><li>Исправления локализации. 
2010-09-13 15:28:30 -  - exec CUpdateClient::GetNextStepUpdates
2010-09-13 15:28:30 -  - exec CUpdateClient::CollectRequestData
2010-09-13 15:28:31 -  - LICENSE_KEY=X&lang=ru&SUPD_VER=9.1.2&VERSION=9.1.2&TYPENC=E&SUPD_STS=1&SUPD_URS=0&SUPD_URSA=2&SUPD_DBS=MYSQL&XE=N&CLIENT_SITE=snowqueen.ru&CANGZIP=Y&CLIENT_PHPVER=5.2.13&stable=Y&bitm_main=9.1.2&bitm_forum=9.0.3&bitm_vote=9.0.0&bitm_sitecorporate=9.0.1&bitm_photogallery=9.0.3&bitm_search=9.1.0&bitm_fileman=9.1.0&bitm_iblock=9.1.0&bitm_compression=9.0.0&bitm_subscribe=9.1.0&bitm_perfmon=9.0.1&bitm_blog=9.0.4&bitm_security=9.0.3&bitm_form=9.0.0&bitm_seo=9.0.0&bitm_sitepersonal=9.0.0&bitl_ru=&bitl_en=20070905&bith_ru=&bith_en=
2010-09-13 15:28:31 -  - exec CUpdateClient::GetHTTPPage
2010-09-13 15:28:32 -  - TIME GetNextStepUpdates(request) 1 sec
2010-09-13 15:28:32 -  - exec CUpdateClient::UnGzipArchive
2010-09-13 15:28:32 -  - TIME UnGzipArchive 0.016 sec
2010-09-13 15:28:33 -  - exec CUpdateClient::GetStepUpdateInfo
2010-09-13 15:28:33 -  - exec CUpdateClient::ParseServerData
2010-09-13 15:28:33 - CSURUS1 - Run updater '/bitrix/updates/update_m1284377312/form/updater9.1.0.php'
2010-09-13 15:28:33 - CRUPDCF1 - Run updater '/bitrix/updates/update_m1284377312/form/updater9.1.0.php': CopyFiles(install/components, components)
2010-09-13 15:28:34 -  - TIME UpdateStepModules 0.82 sec
2010-09-13 15:28:34 - UPD_SUCCESS - Updated: form (9.1.0)<br><li>Исправлена ошибка отвязки почтовых шаблонов при вызове CForm::Set без обновления строкового идентификатора формы. <li>Исправлены ошибки совместимости с PHP 5.3. 
2010-09-13 15:28:38 -  - exec CUpdateClient::GetNextStepUpdates
2010-09-13 15:28:38 -  - exec CUpdateClient::CollectRequestData
2010-09-13 15:28:38 -  - LICENSE_KEY=X&lang=ru&SUPD_VER=9.1.2&VERSION=9.1.2&TYPENC=E&SUPD_STS=1&SUPD_URS=0&SUPD_URSA=2&SUPD_DBS=MYSQL&XE=N&CLIENT_SITE=snowqueen.ru&CANGZIP=Y&CLIENT_PHPVER=5.2.13&stable=Y&bitm_main=9.1.2&bitm_forum=9.0.3&bitm_vote=9.0.0&bitm_sitecorporate=9.0.1&bitm_photogallery=9.0.3&bitm_search=9.1.0&bitm_fileman=9.1.0&bitm_iblock=9.1.0&bitm_compression=9.0.0&bitm_subscribe=9.1.0&bitm_perfmon=9.0.1&bitm_blog=9.0.4&bitm_security=9.0.3&bitm_form=9.1.0&bitm_seo=9.0.0&bitm_sitepersonal=9.0.0&bitl_ru=&bitl_en=20070905&bith_ru=&bith_en=
2010-09-13 15:28:39 -  - exec CUpdateClient::GetHTTPPage
2010-09-13 15:28:40 -  - TIME GetNextStepUpdates(request) 1.102 sec
2010-09-13 15:28:40 -  - exec CUpdateClient::UnGzipArchive
2010-09-13 15:28:40 -  - TIME UnGzipArchive 0.003 sec
2010-09-13 15:28:41 -  - exec CUpdateClient::GetStepUpdateInfo
2010-09-13 15:28:41 -  - exec CUpdateClient::ParseServerData
2010-09-13 15:28:41 - CSURUS1 - Run updater '/bitrix/updates/update_m1284377320/blog/updater9.0.5.php'
2010-09-13 15:28:41 - CRUPDCF1 - Run updater '/bitrix/updates/update_m1284377320/blog/updater9.0.5.php': CopyFiles(install/components, components)
2010-09-13 15:28:42 -  - TIME UpdateStepModules 0.702 sec
2010-09-13 15:28:43 - UPD_SUCCESS - Updated: blog (9.0.5)<br><li>Исправлена ошибка удаления изображений. 
2010-09-13 15:28:45 -  - exec CUpdateClient::GetNextStepUpdates
2010-09-13 15:28:45 -  - exec CUpdateClient::CollectRequestData
2010-09-13 15:28:45 -  - LICENSE_KEY=X&lang=ru&SUPD_VER=9.1.2&VERSION=9.1.2&TYPENC=E&SUPD_STS=1&SUPD_URS=0&SUPD_URSA=2&SUPD_DBS=MYSQL&XE=N&CLIENT_SITE=snowqueen.ru&CANGZIP=Y&CLIENT_PHPVER=5.2.13&stable=Y&bitm_main=9.1.2&bitm_forum=9.0.3&bitm_vote=9.0.0&bitm_sitecorporate=9.0.1&bitm_photogallery=9.0.3&bitm_search=9.1.0&bitm_fileman=9.1.0&bitm_iblock=9.1.0&bitm_compression=9.0.0&bitm_subscribe=9.1.0&bitm_perfmon=9.0.1&bitm_blog=9.0.5&bitm_security=9.0.3&bitm_form=9.1.0&bitm_seo=9.0.0&bitm_sitepersonal=9.0.0&bitl_ru=&bitl_en=20070905&bith_ru=&bith_en=
2010-09-13 15:28:45 -  - exec CUpdateClient::GetHTTPPage
2010-09-13 15:28:46 -  - TIME GetNextStepUpdates(request) 0.898 sec
2010-09-13 15:28:46 -  - exec CUpdateClient::UnGzipArchive
2010-09-13 15:28:46 -  - TIME UnGzipArchive 0.016 sec
2010-09-13 15:28:46 -  - exec CUpdateClient::GetStepUpdateInfo
2010-09-13 15:28:46 -  - exec CUpdateClient::ParseServerData
2010-09-13 15:28:46 - CSURUS1 - Run updater '/bitrix/updates/update_m1284377326/blog/updater9.0.6.php'
2010-09-13 15:28:46 - CRUPDCF1 - Run updater '/bitrix/updates/update_m1284377326/blog/updater9.0.6.php': CopyFiles(install/components, components)
2010-09-13 15:28:47 -  - TIME UpdateStepModules 0.982 sec
2010-09-13 15:28:47 - UPD_SUCCESS - Updated: blog (9.0.6)<br><li>Незначительные изменения, связанные с модулем соцсети.
2010-09-13 15:28:50 -  - exec CUpdateClient::GetNextStepUpdates
2010-09-13 15:28:50 -  - exec CUpdateClient::CollectRequestData
2010-09-13 15:28:50 -  - LICENSE_KEY=X&lang=ru&SUPD_VER=9.1.2&VERSION=9.1.2&TYPENC=E&SUPD_STS=1&SUPD_URS=0&SUPD_URSA=2&SUPD_DBS=MYSQL&XE=N&CLIENT_SITE=snowqueen.ru&CANGZIP=Y&CLIENT_PHPVER=5.2.13&stable=Y&bitm_main=9.1.2&bitm_forum=9.0.3&bitm_vote=9.0.0&bitm_sitecorporate=9.0.1&bitm_photogallery=9.0.3&bitm_search=9.1.0&bitm_fileman=9.1.0&bitm_iblock=9.1.0&bitm_compression=9.0.0&bitm_subscribe=9.1.0&bitm_perfmon=9.0.1&bitm_blog=9.0.6&bitm_security=9.0.3&bitm_form=9.1.0&bitm_seo=9.0.0&bitm_sitepersonal=9.0.0&bitl_ru=&bitl_en=20070905&bith_ru=&bith_en=
2010-09-13 15:28:50 -  - exec CUpdateClient::GetHTTPPage
2010-09-13 15:28:51 -  - TIME GetNextStepUpdates(request) 1.043 sec
2010-09-13 15:28:51 -  - exec CUpdateClient::UnGzipArchive
2010-09-13 15:28:51 -  - TIME UnGzipArchive 0.025 sec
2010-09-13 15:28:51 -  - exec CUpdateClient::GetStepUpdateInfo
2010-09-13 15:28:51 -  - exec CUpdateClient::ParseServerData
2010-09-13 15:28:51 - CSURUS1 - Run updater '/bitrix/updates/update_m1284377331/photogallery/updater9.0.4.php'
2010-09-13 15:28:51 - CRUPDCF1 - Run updater '/bitrix/updates/update_m1284377331/photogallery/updater9.0.4.php': CopyFiles(install/components, components)
2010-09-13 15:28:51 -  - TIME UpdateStepModules 0.359 sec
2010-09-13 15:28:51 - UPD_SUCCESS - Updated: photogallery (9.0.4)<br><li>Незначительные изменения.
2010-09-13 15:28:53 -  - exec CUpdateClient::GetNextStepUpdates
2010-09-13 15:28:53 -  - exec CUpdateClient::CollectRequestData
2010-09-13 15:28:53 -  - LICENSE_KEY=X&lang=ru&SUPD_VER=9.1.2&VERSION=9.1.2&TYPENC=E&SUPD_STS=1&SUPD_URS=0&SUPD_URSA=2&SUPD_DBS=MYSQL&XE=N&CLIENT_SITE=snowqueen.ru&CANGZIP=Y&CLIENT_PHPVER=5.2.13&stable=Y&bitm_main=9.1.2&bitm_forum=9.0.3&bitm_vote=9.0.0&bitm_sitecorporate=9.0.1&bitm_photogallery=9.0.4&bitm_search=9.1.0&bitm_fileman=9.1.0&bitm_iblock=9.1.0&bitm_compression=9.0.0&bitm_subscribe=9.1.0&bitm_perfmon=9.0.1&bitm_blog=9.0.6&bitm_security=9.0.3&bitm_form=9.1.0&bitm_seo=9.0.0&bitm_sitepersonal=9.0.0&bitl_ru=&bitl_en=20070905&bith_ru=&bith_en=
2010-09-13 15:28:53 -  - exec CUpdateClient::GetHTTPPage
2010-09-13 15:28:55 -  - TIME GetNextStepUpdates(request) 1.172 sec
2010-09-13 15:28:55 -  - exec CUpdateClient::UnGzipArchive
2010-09-13 15:28:55 -  - TIME UnGzipArchive 0.118 sec
2010-09-13 15:28:55 -  - exec CUpdateClient::GetStepUpdateInfo
2010-09-13 15:28:55 -  - exec CUpdateClient::ParseServerData
2010-09-13 15:28:55 - CSURUS1 - Run updater '/bitrix/updates/update_m1284377335/photogallery/updater9.0.5.php'
2010-09-13 15:28:55 - CRUPDCF1 - Run updater '/bitrix/updates/update_m1284377335/photogallery/updater9.0.5.php': CopyFiles(install/components, components)
2010-09-13 15:28:55 -  - TIME UpdateStepModules 0.371 sec
2010-09-13 15:28:55 - UPD_SUCCESS - Updated: photogallery (9.0.5)<br><li>Незначительные изменения.
2010-09-13 15:28:57 -  - exec CUpdateClient::GetNextStepUpdates
2010-09-13 15:28:57 -  - exec CUpdateClient::CollectRequestData
2010-09-13 15:28:57 -  - LICENSE_KEY=X&lang=ru&SUPD_VER=9.1.2&VERSION=9.1.2&TYPENC=E&SUPD_STS=1&SUPD_URS=0&SUPD_URSA=2&SUPD_DBS=MYSQL&XE=N&CLIENT_SITE=snowqueen.ru&CANGZIP=Y&CLIENT_PHPVER=5.2.13&stable=Y&bitm_main=9.1.2&bitm_forum=9.0.3&bitm_vote=9.0.0&bitm_sitecorporate=9.0.1&bitm_photogallery=9.0.5&bitm_search=9.1.0&bitm_fileman=9.1.0&bitm_iblock=9.1.0&bitm_compression=9.0.0&bitm_subscribe=9.1.0&bitm_perfmon=9.0.1&bitm_blog=9.0.6&bitm_security=9.0.3&bitm_form=9.1.0&bitm_seo=9.0.0&bitm_sitepersonal=9.0.0&bitl_ru=&bitl_en=20070905&bith_ru=&bith_en=
2010-09-13 15:28:57 -  - exec CUpdateClient::GetHTTPPage
2010-09-13 15:28:58 -  - TIME GetNextStepUpdates(request) 0.895 sec
2010-09-13 15:28:58 -  - exec CUpdateClient::UnGzipArchive
2010-09-13 15:28:58 -  - TIME UnGzipArchive 0.01 sec
2010-09-13 15:28:58 -  - exec CUpdateClient::GetStepUpdateInfo
2010-09-13 15:28:58 -  - exec CUpdateClient::ParseServerData
2010-09-13 15:28:58 -  - TIME UpdateStepModules 0.01 sec
2010-09-13 15:28:58 - UPD_SUCCESS - Updated: perfmon (9.1.0)<br><li>Добавлена возможность удаления ошибок из журнала ошибок PHP. <li>Изменена формулировка рекомендации для zend_optimizerplus.memory_consumption. <li>Сообщение о неоптимальности PHP сделано красным. <li>При включении хранения сессий в базе данных сессии не измеряются. <li>Диагностика 2-го типа ошибок разработки выводится только для страниц с несколькоми хитами. <li>Убран показатель размера индексов MyISAM с рекомендацией уменьшения размеров буфера ключей. <li>Настройка realpath_cache_size теперь проверяется для всех платформ. 
2010-09-13 15:28:59 -  - exec CUpdateClient::GetNextStepUpdates
2010-09-13 15:28:59 -  - exec CUpdateClient::CollectRequestData
2010-09-13 15:29:00 -  - LICENSE_KEY=X&lang=ru&SUPD_VER=9.1.2&VERSION=9.1.2&TYPENC=E&SUPD_STS=1&SUPD_URS=0&SUPD_URSA=2&SUPD_DBS=MYSQL&XE=N&CLIENT_SITE=snowqueen.ru&CANGZIP=Y&CLIENT_PHPVER=5.2.13&stable=Y&bitm_main=9.1.2&bitm_forum=9.0.3&bitm_vote=9.0.0&bitm_sitecorporate=9.0.1&bitm_photogallery=9.0.5&bitm_search=9.1.0&bitm_fileman=9.1.0&bitm_iblock=9.1.0&bitm_compression=9.0.0&bitm_subscribe=9.1.0&bitm_perfmon=9.1.0&bitm_blog=9.0.6&bitm_security=9.0.3&bitm_form=9.1.0&bitm_seo=9.0.0&bitm_sitepersonal=9.0.0&bitl_ru=&bitl_en=20070905&bith_ru=&bith_en=
2010-09-13 15:29:00 -  - exec CUpdateClient::GetHTTPPage
2010-09-13 15:29:02 -  - TIME GetNextStepUpdates(request) 2.476 sec
2010-09-13 15:29:02 -  - exec CUpdateClient::UnGzipArchive
2010-09-13 15:29:02 -  - TIME UnGzipArchive 0.003 sec
2010-09-13 15:29:02 -  - exec CUpdateClient::GetStepUpdateInfo
2010-09-13 15:29:02 -  - exec CUpdateClient::ParseServerData
2010-09-13 15:29:02 - CSURUS1 - Run updater '/bitrix/updates/update_m1284377342/security/updater9.1.0/index.php'
2010-09-13 15:29:02 -  - TIME UpdateStepModules 0.015 sec
2010-09-13 15:29:02 - UPD_SUCCESS - Updated: security (9.1.0)<br><li>Улучшения антивируса. <li>Исправление механизма хранения сессий в базе данных. <li>Исправление антивируса для случая включенного статического html кеша.
2010-09-13 15:29:03 -  - exec CUpdateClient::GetNextStepUpdates
2010-09-13 15:29:03 -  - exec CUpdateClient::CollectRequestData
2010-09-13 15:29:04 -  - LICENSE_KEY=X&lang=ru&SUPD_VER=9.1.2&VERSION=9.1.2&TYPENC=E&SUPD_STS=1&SUPD_URS=0&SUPD_URSA=2&SUPD_DBS=MYSQL&XE=N&CLIENT_SITE=snowqueen.ru&CANGZIP=Y&CLIENT_PHPVER=5.2.13&stable=Y&bitm_main=9.1.2&bitm_forum=9.0.3&bitm_vote=9.0.0&bitm_sitecorporate=9.0.1&bitm_photogallery=9.0.5&bitm_search=9.1.0&bitm_fileman=9.1.0&bitm_iblock=9.1.0&bitm_compression=9.0.0&bitm_subscribe=9.1.0&bitm_perfmon=9.1.0&bitm_blog=9.0.6&bitm_security=9.1.0&bitm_form=9.1.0&bitm_seo=9.0.0&bitm_sitepersonal=9.0.0&bitl_ru=&bitl_en=20070905&bith_ru=&bith_en=
2010-09-13 15:29:04 -  - exec CUpdateClient::GetHTTPPage
2010-09-13 15:29:04 -  - TIME GetNextStepUpdates(request) 0.543 sec
2010-09-13 15:29:04 -  - exec CUpdateClient::UnGzipArchive
2010-09-13 15:29:04 -  - TIME UnGzipArchive 0.001 sec
2010-09-13 15:29:04 -  - exec CUpdateClient::GetStepUpdateInfo
2010-09-13 15:29:04 -  - exec CUpdateClient::ParseServerData
2010-09-13 15:29:04 - STEP - Finish - NOUPDATES
2010-09-13 15:29:17 -  - exec CUpdateClient::GetUpdatesList
2010-09-13 15:29:17 -  - exec CUpdateClient::CollectRequestData
2010-09-13 15:29:17 -  - LICENSE_KEY=X&lang=ru&SUPD_VER=9.1.2&VERSION=9.1.2&TYPENC=E&SUPD_STS=1&SUPD_URS=0&SUPD_URSA=2&SUPD_DBS=MYSQL&XE=N&CLIENT_SITE=snowqueen.ru&CANGZIP=Y&CLIENT_PHPVER=5.2.13&stable=Y&bitm_main=9.1.2&bitm_forum=9.0.3&bitm_vote=9.0.0&bitm_sitecorporate=9.0.1&bitm_photogallery=9.0.5&bitm_search=9.1.0&bitm_fileman=9.1.0&bitm_iblock=9.1.0&bitm_compression=9.0.0&bitm_subscribe=9.1.0&bitm_perfmon=9.1.0&bitm_blog=9.0.6&bitm_security=9.1.0&bitm_form=9.1.0&bitm_seo=9.0.0&bitm_sitepersonal=9.0.0&bitl_ru=&bitl_en=20070905&bith_ru=&bith_en=
2010-09-13 15:29:17 -  - exec CUpdateClient::GetHTTPPage
2010-09-13 15:29:18 -  - TIME GetUpdatesList(request) 0.382 sec
2010-09-13 15:29:18 -  - exec CUpdateClient::ParseServerData
2010-09-13 15:30:53 -  - exec CUpdateClient::GetUpdatesList
2010-09-13 15:30:53 -  - exec CUpdateClient::CollectRequestData
2010-09-13 15:30:53 -  - LICENSE_KEY=X&lang=ru&SUPD_VER=9.1.2&VERSION=9.1.2&TYPENC=E&SUPD_STS=1&SUPD_URS=0&SUPD_URSA=2&SUPD_DBS=MYSQL&XE=N&CLIENT_SITE=snowqueen.ru&CANGZIP=Y&CLIENT_PHPVER=5.2.13&stable=Y&bitm_main=9.1.2&bitm_forum=9.0.3&bitm_vote=9.0.0&bitm_sitecorporate=9.0.1&bitm_photogallery=9.0.5&bitm_search=9.1.0&bitm_fileman=9.1.0&bitm_iblock=9.1.0&bitm_compression=9.0.0&bitm_subscribe=9.1.0&bitm_perfmon=9.1.0&bitm_blog=9.0.6&bitm_security=9.1.0&bitm_form=9.1.0&bitm_seo=9.0.0&bitm_sitepersonal=9.0.0&bitl_ru=&bitl_en=20070905&bith_ru=&bith_en=
2010-09-13 15:30:53 -  - exec CUpdateClient::GetHTTPPage
2010-09-13 15:30:54 -  - TIME GetUpdatesList(request) 0.432 sec
2010-09-13 15:30:54 -  - exec CUpdateClient::ParseServerData
2010-09-13 16:04:52 -  - exec CUpdateClient::GetUpdatesList
2010-09-13 16:04:52 -  - exec CUpdateClient::CollectRequestData
2010-09-13 16:04:52 -  - LICENSE_KEY=X&lang=ru&SUPD_VER=9.1.2&VERSION=9.1.2&TYPENC=E&SUPD_STS=1&SUPD_URS=0&SUPD_URSA=2&SUPD_DBS=MYSQL&XE=N&CLIENT_SITE=snowqueen.ru&CANGZIP=Y&CLIENT_PHPVER=5.2.13&stable=Y&bitm_main=9.1.2&bitm_forum=9.0.3&bitm_vote=9.0.0&bitm_sitecorporate=9.0.1&bitm_photogallery=9.0.5&bitm_search=9.1.0&bitm_fileman=9.1.0&bitm_iblock=9.1.0&bitm_compression=9.0.0&bitm_subscribe=9.1.0&bitm_perfmon=9.1.0&bitm_blog=9.0.6&bitm_security=9.1.0&bitm_form=9.1.0&bitm_seo=9.0.0&bitm_sitepersonal=9.0.0&bitl_ru=&bitl_en=20070905&bith_ru=&bith_en=
2010-09-13 16:04:52 -  - exec CUpdateClient::GetHTTPPage
2010-09-13 16:04:52 -  - TIME GetUpdatesList(request) 0.782 sec
2010-09-13 16:04:52 -  - exec CUpdateClient::ParseServerData
2012-07-12 18:15:16 -  - exec CUpdateClient::GetUpdatesList
2012-07-12 18:15:16 -  - exec CUpdateClient::CollectRequestData
2012-07-12 18:15:16 -  - LICENSE_KEY=X&lang=ru&SUPD_VER=9.1.2&VERSION=9.1.2&TYPENC=E&SUPD_STS=1&SUPD_URS=0&SUPD_URSA=3&SUPD_DBS=MYSQL&XE=N&CLIENT_SITE=snowqueen.ru&CANGZIP=Y&CLIENT_PHPVER=5.2.13&stable=Y&bitm_main=9.1.2&bitm_forum=9.0.3&bitm_vote=9.0.0&bitm_sitecorporate=9.0.1&bitm_photogallery=9.0.5&bitm_search=9.1.0&bitm_fileman=9.1.0&bitm_iblock=9.1.0&bitm_compression=9.0.0&bitm_subscribe=9.1.0&bitm_perfmon=9.1.0&bitm_blog=9.0.6&bitm_security=9.1.0&bitm_form=9.1.0&bitm_seo=9.0.0&bitm_sitepersonal=9.0.0&bitl_ru=&bitl_en=20070905&bith_ru=&bith_en=
2012-07-12 18:15:16 -  - exec CUpdateClient::GetHTTPPage
2012-07-12 18:15:17 -  - TIME GetUpdatesList(request) 0.809 sec
2012-07-12 18:15:17 -  - exec CUpdateClient::ParseServerData
2013-01-31 22:53:54 -  - exec CUpdateClient::GetUpdatesList
2013-01-31 22:53:54 -  - exec CUpdateClient::CollectRequestData
2013-01-31 22:53:54 -  - LICENSE_KEY=X&lang=ru&SUPD_VER=9.1.2&VERSION=9.1.2&TYPENC=E&SUPD_STS=1&SUPD_URS=0&SUPD_URSA=5&SUPD_DBS=MYSQL&XE=N&CLIENT_SITE=localhost&CANGZIP=Y&CLIENT_PHPVER=5.4.4&stable=Y&bitm_main=9.1.2&bitm_blog=9.0.6&bitm_compression=9.0.0&bitm_fileman=9.1.0&bitm_form=9.1.0&bitm_forum=9.0.3&bitm_iblock=9.1.0&bitm_perfmon=9.1.0&bitm_photogallery=9.0.5&bitm_search=9.1.0&bitm_security=9.1.0&bitm_seo=9.0.0&bitm_sitecorporate=9.0.1&bitm_sitepersonal=9.0.0&bitm_subscribe=9.1.0&bitm_vote=9.0.0&bitl_en=20070905&bitl_ru=&bith_ru=&bith_en=
2013-01-31 22:53:54 -  - exec CUpdateClient::GetHTTPPage
2013-01-31 22:53:55 -  - TIME GetUpdatesList(request) 0.279 sec
2013-01-31 22:53:55 -  - exec CUpdateClient::ParseServerData
